Using pre-set license
Desktop is 3040 x 900 @ 60 Hz

 COMMAND LINE ARGUMENTS:
Unity
-adb2
-batchMode
-noUpm
-name
AssetImportWorker0
-projectPath
/home/xdre/BomdeGuerra
-logFile
Logs/AssetImportWorker0.log
-srvPort
41507
Successfully changed project path to: /home/xdre/BomdeGuerra
/home/xdre/BomdeGuerra
Using Asset Import Pipeline V2.
Refreshing native plugins compatible for Editor in 61,93 ms, found 1 plugins.
Preloading 0 native plugins for Editor in 0,00 ms.
Initialize engine version: 2020.3.16f1 (049d6eca3c44)
[Subsystems] Discovering subsystems at path /home/xdre/Unity/Hub/Editor/2020.3.16f1/Editor/Data/Resources/UnitySubsystems
[Subsystems] Discovering subsystems at path /home/xdre/BomdeGuerra/Assets
GLX Extensions: GLX_ARB_create_context GLX_ARB_create_context_no_error GLX_ARB_create_context_profile GLX_ARB_create_context_robustness GLX_ARB_fbconfig_float GLX_ARB_framebuffer_sRGB GLX_ARB_get_proc_address GLX_ARB_multisample GLX_EXT_buffer_age GLX_EXT_create_context_es2_profile GLX_EXT_create_context_es_profile GLX_EXT_fbconfig_packed_float GLX_EXT_framebuffer_sRGB GLX_EXT_no_config_context GLX_EXT_swap_control GLX_EXT_swap_control_tear GLX_EXT_texture_from_pixmap GLX_EXT_visual_info GLX_EXT_visual_rating GLX_MESA_copy_sub_buffer GLX_MESA_query_renderer GLX_MESA_swap_control GLX_OML_swap_method GLX_OML_sync_control GLX_SGIS_multisample GLX_SGIX_fbconfig GLX_SGIX_pbuffer GLX_SGIX_visual_select_group GLX_SGI_make_current_read GLX_SGI_video_sync 
Renderer: AMD Radeon(TM) Vega 8 Graphics (RAVEN, DRM 3.42.0, 5.14.9-204-tkg-bmq, LLVM 12.0.1)
Vendor:   AMD
Version:  4.6 (Core Profile) Mesa 21.2.3
GLES:     0
 GL_AMD_conservative_depth GL_AMD_depth_clamp_separate GL_AMD_draw_buffers_blend GL_AMD_framebuffer_multisample_advanced GL_AMD_gpu_shader_int64 GL_AMD_multi_draw_indirect GL_AMD_performance_monitor GL_AMD_pinned_memory GL_AMD_query_buffer_object GL_AMD_seamless_cubemap_per_texture GL_AMD_shader_stencil_export GL_AMD_shader_trinary_minmax GL_AMD_texture_texture4 GL_AMD_vertex_shader_layer GL_AMD_vertex_shader_viewport_index GL_ANGLE_texture_compression_dxt3 GL_ANGLE_texture_compression_dxt5 GL_ARB_ES2_compatibility GL_ARB_ES3_1_compatibility GL_ARB_ES3_2_compatibility GL_ARB_ES3_compatibility GL_ARB_arrays_of_arrays GL_ARB_base_instance GL_ARB_bindless_texture GL_ARB_blend_func_extended GL_ARB_buffer_storage GL_ARB_clear_buffer_object GL_ARB_clear_texture GL_ARB_clip_control GL_ARB_color_buffer_float GL_ARB_compressed_texture_pixel_storage GL_ARB_compute_shader GL_ARB_compute_variable_group_size GL_ARB_conditional_render_inverted GL_ARB_conservative_depth GL_ARB_copy_buffer GL_ARB_copy_image GL_ARB_cull_dist
ance GL_ARB_debug_output GL_ARB_depth_buffer_float GL_ARB_depth_clamp GL_ARB_derivative_control GL_ARB_direct_state_access GL_ARB_draw_buffers GL_ARB_draw_buffers_blend GL_ARB_draw_elements_base_vertex GL_ARB_draw_indirect GL_ARB_draw_instanced GL_ARB_enhanced_layouts GL_ARB_explicit_attrib_location GL_ARB_explicit_uniform_location GL_ARB_fragment_coord_conventions GL_ARB_fragment_layer_viewport GL_ARB_fragment_shader GL_ARB_framebuffer_no_attachments GL_ARB_framebuffer_object GL_ARB_framebuffer_sRGB GL_ARB_get_program_binary GL_ARB_get_texture_sub_image GL_ARB_gl_spirv GL_ARB_gpu_shader5 GL_ARB_gpu_shader_fp64 GL_ARB_gpu_shader_int64 GL_ARB_half_float_pixel GL_ARB_half_float_vertex GL_ARB_indirect_parameters GL_ARB_instanced_arrays GL_ARB_internalformat_query GL_ARB_internalformat_query2 GL_ARB_invalidate_subdata GL_ARB_map_buffer_alignment GL_ARB_map_buffer_range GL_ARB_multi_bind GL_ARB_multi_draw_indirect GL_ARB_occlusion_query2 GL_ARB_parallel_shader_compile GL_ARB_pipeline_statistics_query GL_ARB_pixel
_buffer_object GL_ARB_point_sprite GL_ARB_polygon_offset_clamp GL_ARB_program_interface_query GL_ARB_provoking_vertex GL_ARB_query_buffer_object GL_ARB_robust_buffer_access_behavior GL_ARB_robustness GL_ARB_sample_shading GL_ARB_sampler_objects GL_ARB_seamless_cube_map GL_ARB_seamless_cubemap_per_texture GL_ARB_separate_shader_objects GL_ARB_shader_atomic_counter_ops GL_ARB_shader_atomic_counters GL_ARB_shader_ballot GL_ARB_shader_bit_encoding GL_ARB_shader_clock GL_ARB_shader_draw_parameters GL_ARB_shader_group_vote GL_ARB_shader_image_load_store GL_ARB_shader_image_size GL_ARB_shader_objects GL_ARB_shader_precision GL_ARB_shader_stencil_export GL_ARB_shader_storage_buffer_object GL_ARB_shader_subroutine GL_ARB_shader_texture_image_samples GL_ARB_shader_texture_lod GL_ARB_shader_viewport_layer_array GL_ARB_shading_language_420pack GL_ARB_shading_language_include GL_ARB_shading_language_packing GL_ARB_sparse_buffer GL_ARB_spirv_extensions GL_ARB_stencil_texturing GL_ARB_sync GL_ARB_tessellation_shader GL_ARB
_texture_barrier GL_ARB_texture_buffer_object GL_ARB_texture_buffer_object_rgb32 GL_ARB_texture_buffer_range GL_ARB_texture_compression_bptc GL_ARB_texture_compression_rgtc GL_ARB_texture_cube_map_array GL_ARB_texture_filter_anisotropic GL_ARB_texture_float GL_ARB_texture_gather GL_ARB_texture_mirror_clamp_to_edge GL_ARB_texture_multisample GL_ARB_texture_non_power_of_two GL_ARB_texture_query_levels GL_ARB_texture_query_lod GL_ARB_texture_rectangle GL_ARB_texture_rg GL_ARB_texture_rgb10_a2ui GL_ARB_texture_stencil8 GL_ARB_texture_storage GL_ARB_texture_storage_multisample GL_ARB_texture_swizzle GL_ARB_texture_view GL_ARB_timer_query GL_ARB_transform_feedback2 GL_ARB_transform_feedback3 GL_ARB_transform_feedback_instanced GL_ARB_transform_feedback_overflow_query GL_ARB_uniform_buffer_object GL_ARB_vertex_array_bgra GL_ARB_vertex_array_object GL_ARB_vertex_attrib_64bit GL_ARB_vertex_attrib_binding GL_ARB_vertex_buffer_object GL_ARB_vertex_shader GL_ARB_vertex_type_10f_11f_11f_rev GL_ARB_vertex_type_2_10_10_10_
rev GL_ARB_viewport_array GL_ATI_blend_equation_separate GL_ATI_meminfo GL_ATI_texture_float GL_ATI_texture_mirror_once GL_EXT_EGL_image_storage GL_EXT_EGL_sync GL_EXT_abgr GL_EXT_blend_equation_separate GL_EXT_demote_to_helper_invocation GL_EXT_depth_bounds_test GL_EXT_draw_buffers2 GL_EXT_draw_instanced GL_EXT_framebuffer_blit GL_EXT_framebuffer_multisample GL_EXT_framebuffer_multisample_blit_scaled GL_EXT_framebuffer_object GL_EXT_framebuffer_sRGB GL_EXT_memory_object GL_EXT_memory_object_fd GL_EXT_packed_depth_stencil GL_EXT_packed_float GL_EXT_pixel_buffer_object GL_EXT_polygon_offset_clamp GL_EXT_provoking_vertex GL_EXT_semaphore GL_EXT_semaphore_fd GL_EXT_shader_image_load_formatted GL_EXT_shader_image_load_store GL_EXT_shader_integer_mix GL_EXT_shader_samples_identical GL_EXT_texture_array GL_EXT_texture_compression_dxt1 GL_EXT_texture_compression_rgtc GL_EXT_texture_compression_s3tc GL_EXT_texture_filter_anisotropic GL_EXT_texture_integer GL_EXT_texture_mirror_clamp GL_EXT_texture_sRGB GL_EXT_textur
e_sRGB_R8 GL_EXT_texture_sRGB_decode GL_EXT_texture_shadow_lod GL_EXT_texture_shared_exponent GL_EXT_texture_snorm GL_EXT_texture_swizzle GL_EXT_timer_query GL_EXT_transform_feedback GL_EXT_vertex_array_bgra GL_EXT_vertex_attrib_64bit GL_EXT_window_rectangles GL_IBM_multimode_draw_arrays GL_INTEL_blackhole_render GL_KHR_blend_equation_advanced GL_KHR_context_flush_control GL_KHR_debug GL_KHR_no_error GL_KHR_parallel_shader_compile GL_KHR_robust_buffer_access_behavior GL_KHR_robustness GL_KHR_texture_compression_astc_ldr GL_KHR_texture_compression_astc_sliced_3d GL_MESA_framebuffer_flip_y GL_MESA_pack_invert GL_MESA_shader_integer_functions GL_MESA_texture_signed_rgba GL_NVX_gpu_memory_info GL_NV_alpha_to_coverage_dither_control GL_NV_compute_shader_derivatives GL_NV_conditional_render GL_NV_copy_image GL_NV_depth_clamp GL_NV_packed_depth_stencil GL_NV_shader_atomic_int64 GL_NV_texture_barrier GL_NV_vdpau_interop GL_OES_EGL_image GL_S3_s3tc
OPENGL LOG: Creating OpenGL 4.6 graphics device ; Context level  <OpenGL 4.5> ; Context handle -698620624
Initialize mono
Mono path[0] = '/home/xdre/Unity/Hub/Editor/2020.3.16f1/Editor/Data/Managed'
Mono path[1] = '/home/xdre/Unity/Hub/Editor/2020.3.16f1/Editor/Data/MonoBleedingEdge/lib/mono/unityjit'
Mono config path = '/home/xdre/Unity/Hub/Editor/2020.3.16f1/Editor/Data/MonoBleedingEdge/etc'
Using monoOptions --debugger-agent=transport=dt_socket,embedding=1,server=y,suspend=n,address=127.0.0.1:56451
Begin MonoManager ReloadAssembly
Registering precompiled unity dll's ...
Register platform support module: /home/xdre/Unity/Hub/Editor/2020.3.16f1/Editor/Data/PlaybackEngines/WebGLSupport/UnityEditor.WebGL.Extensions.dll
Register platform support module: /home/xdre/Unity/Hub/Editor/2020.3.16f1/Editor/Data/PlaybackEngines/WindowsStandaloneSupport/UnityEditor.WindowsStandalone.Extensions.dll
Register platform support module: /home/xdre/Unity/Hub/Editor/2020.3.16f1/Editor/Data/PlaybackEngines/LinuxStandaloneSupport/UnityEditor.LinuxStandalone.Extensions.dll
Registered in 0,001739 seconds.
Native extension for LinuxStandalone target not found
Native extension for WindowsStandalone target not found
Native extension for WebGL target not found
Refreshing native plugins compatible for Editor in 48,21 ms, found 1 plugins.
Preloading 0 native plugins for Editor in 0,00 ms.
Mono: successfully reloaded assembly
- Completed reload, in  1,827 seconds
Domain Reload Profiling:
	ReloadAssembly (1827ms)
		BeginReloadAssembly (35ms)
			ExecutionOrderSort (0ms)
			DisableScriptedObjects (0ms)
			BackupInstance (0ms)
			ReleaseScriptingObjects (0ms)
			CreateAndSetChildDomain (1ms)
		EndReloadAssembly (532ms)
			LoadAssemblies (34ms)
			RebuildTransferFunctionScriptingTraits (0ms)
			SetupTypeCache (195ms)
			ReleaseScriptCaches (0ms)
			RebuildScriptCaches (50ms)
			SetupLoadedEditorAssemblies (221ms)
				LogAssemblyErrors (0ms)
				InitializePlatformSupportModulesInManaged (6ms)
				SetLoadedEditorAssemblies (0ms)
				RefreshPlugins (48ms)
				BeforeProcessingInitializeOnLoad (12ms)
				ProcessInitializeOnLoadAttributes (118ms)
				ProcessInitializeOnLoadMethodAttributes (36ms)
				AfterProcessingInitializeOnLoad (0ms)
				EditorAssembliesLoaded (0ms)
			ExecutionOrderSort2 (0ms)
			AwakeInstancesAfterBackupRestoration (0ms)
Platform modules already initialized, skipping
Registering precompiled user dll's ...
Registered in 0,003478 seconds.
Begin MonoManager ReloadAssembly
Native extension for LinuxStandalone target not found
Native extension for WindowsStandalone target not found
Native extension for WebGL target not found
Refreshing native plugins compatible for Editor in 48,58 ms, found 1 plugins.
Preloading 0 native plugins for Editor in 0,00 ms.
Mono: successfully reloaded assembly
- Completed reload, in  1,440 seconds
Domain Reload Profiling:
	ReloadAssembly (1441ms)
		BeginReloadAssembly (145ms)
			ExecutionOrderSort (0ms)
			DisableScriptedObjects (6ms)
			BackupInstance (0ms)
			ReleaseScriptingObjects (0ms)
			CreateAndSetChildDomain (22ms)
		EndReloadAssembly (1223ms)
			LoadAssemblies (87ms)
			RebuildTransferFunctionScriptingTraits (0ms)
			SetupTypeCache (387ms)
			ReleaseScriptCaches (1ms)
			RebuildScriptCaches (75ms)
			SetupLoadedEditorAssemblies (513ms)
				LogAssemblyErrors (0ms)
				InitializePlatformSupportModulesInManaged (14ms)
				SetLoadedEditorAssemblies (0ms)
				RefreshPlugins (49ms)
				BeforeProcessingInitializeOnLoad (71ms)
				ProcessInitializeOnLoadAttributes (360ms)
				ProcessInitializeOnLoadMethodAttributes (15ms)
				AfterProcessingInitializeOnLoad (5ms)
				EditorAssembliesLoaded (0ms)
			ExecutionOrderSort2 (0ms)
			AwakeInstancesAfterBackupRestoration (11ms)
Platform modules already initialized, skipping
========================================================================
Worker process is ready to serve import requests
Launched and connected shader compiler UnityShaderCompiler after 0.01 seconds
Refreshing native plugins compatible for Editor in 0,55 ms, found 1 plugins.
Preloading 0 native plugins for Editor in 0,00 ms.
Unloading 2101 Unused Serialized files (Serialized files now loaded: 0)
System memory in use before: 87,7 MB.
System memory in use after: 87,7 MB.

Unloading 28 unused Assets to reduce memory usage. Loaded Objects now: 2539.
Total: 7,712108 ms (FindLiveObjects: 0,232167 ms CreateObjectMapping: 0,130104 ms MarkObjects: 7,123020 ms  DeleteObjects: 0,225474 ms)

AssetImportParameters requested are different than current active one (requested -> active):
  custom:video-decoder-ogg-theora: a1e56fd34408186e4bbccfd4996cb3dc -> 
  custom:container-muxer-webm: aa71ff27fc2769a1b78a27578f13a17b -> 
  custom:container-demuxer-webm: 4f35f7cbe854078d1ac9338744f61a02 -> 
  custom:container-demuxer-ogg: 62fdf1f143b41e24485cea50d1cbac27 -> 
  custom:video-encoder-webm-vp8: eb34c28f22e8b96e1ab97ce403110664 -> 
  custom:video-decoder-webm-vp8: 9c59270c3fd7afecdb556c50c9e8de78 -> 
  custom:audio-decoder-ogg-vorbis: bf7c407c2cedff20999df2af8eb42d56 -> 
  custom:audio-encoder-webm-vorbis: bf7c407c2cedff20999df2af8eb42d56 -> 
========================================================================
Received Import Request.
  path: Assets/Prefabs/Enemies
  artifactKey: Guid(9096a1c33b298edaca15fe6519f5413f) Importer(815301076,1909f56bfc062723c751e8b465ee728b)
Start importing Assets/Prefabs/Enemies using Guid(9096a1c33b298edaca15fe6519f5413f) Importer(815301076,1909f56bfc062723c751e8b465ee728b)  -> (artifact id: '1eec0e7f8d361e907337339b07407c0f') in 0,004719 seconds 
  Import took 0,009328 seconds .

========================================================================
Received Import Request.
  Time since last request: 7,929636 seconds.
  path: Assets/Prefabs/Cleiton
  artifactKey: Guid(57c2a220893ea0a6db8d816dce8d18cf) Importer(815301076,1909f56bfc062723c751e8b465ee728b)
Start importing Assets/Prefabs/Cleiton using Guid(57c2a220893ea0a6db8d816dce8d18cf) Importer(815301076,1909f56bfc062723c751e8b465ee728b)  -> (artifact id: 'b6d6fc8e59943907fb156752df59c7d6') in 0,001117 seconds 
  Import took 0,006396 seconds .

========================================================================
Received Import Request.
  Time since last request: 11,205159 seconds.
  path: Assets/Prefabs/Cleiton/New Prefab.prefab
  artifactKey: Guid(c1e75a8bae595db5f944f125add7baaa) Importer(815301076,1909f56bfc062723c751e8b465ee728b)
Start importing Assets/Prefabs/Cleiton/New Prefab.prefab using Guid(c1e75a8bae595db5f944f125add7baaa) Importer(815301076,1909f56bfc062723c751e8b465ee728b)  -> (artifact id: '4c7c74aa9b9e6e59af8afb2b257cafb5') in 0,030587 seconds 
  Import took 0,035173 seconds .

========================================================================
Received Import Request.
  Time since last request: 0,044362 seconds.
  path: Assets/Prefabs/Cleiton/New Prefab.prefab
  artifactKey: Guid(c1e75a8bae595db5f944f125add7baaa) Importer(815301076,1909f56bfc062723c751e8b465ee728b)
Start importing Assets/Prefabs/Cleiton/New Prefab.prefab using Guid(c1e75a8bae595db5f944f125add7baaa) Importer(815301076,1909f56bfc062723c751e8b465ee728b)  -> (artifact id: '4c7c74aa9b9e6e59af8afb2b257cafb5') in 0,003412 seconds 
  Import took 0,007369 seconds .

========================================================================
Received Import Request.
  Time since last request: 37,284428 seconds.
  path: Assets/Prefabs/Cleiton/New Prefab.prefab
  artifactKey: Guid(c1e75a8bae595db5f944f125add7baaa) Importer(815301076,1909f56bfc062723c751e8b465ee728b)
Start importing Assets/Prefabs/Cleiton/New Prefab.prefab using Guid(c1e75a8bae595db5f944f125add7baaa) Importer(815301076,1909f56bfc062723c751e8b465ee728b)  -> (artifact id: '3ca682688bbbd1917f615392b1f610f9') in 0,005250 seconds 
  Import took 0,010278 seconds .

========================================================================
Received Import Request.
  Time since last request: 0,002617 seconds.
  path: Assets/Prefabs/Cleiton/New Prefab.prefab
  artifactKey: Guid(c1e75a8bae595db5f944f125add7baaa) Importer(815301076,1909f56bfc062723c751e8b465ee728b)
Start importing Assets/Prefabs/Cleiton/New Prefab.prefab using Guid(c1e75a8bae595db5f944f125add7baaa) Importer(815301076,1909f56bfc062723c751e8b465ee728b)  -> (artifact id: '3ca682688bbbd1917f615392b1f610f9') in 0,003405 seconds 
  Import took 0,007536 seconds .

========================================================================
Received Import Request.
  Time since last request: 11,548142 seconds.
  path: Assets/Prefabs/Cleiton/New Prefab.prefab
  artifactKey: Guid(c1e75a8bae595db5f944f125add7baaa) Importer(815301076,1909f56bfc062723c751e8b465ee728b)
Start importing Assets/Prefabs/Cleiton/New Prefab.prefab using Guid(c1e75a8bae595db5f944f125add7baaa) Importer(815301076,1909f56bfc062723c751e8b465ee728b)  -> (artifact id: 'ea50be6b9d725d015ac9a73bb32de9fd') in 0,005294 seconds 
  Import took 0,009867 seconds .

========================================================================
Received Import Request.
  Time since last request: 0,002559 seconds.
  path: Assets/Prefabs/Cleiton/New Prefab.prefab
  artifactKey: Guid(c1e75a8bae595db5f944f125add7baaa) Importer(815301076,1909f56bfc062723c751e8b465ee728b)
Start importing Assets/Prefabs/Cleiton/New Prefab.prefab using Guid(c1e75a8bae595db5f944f125add7baaa) Importer(815301076,1909f56bfc062723c751e8b465ee728b)  -> (artifact id: 'ea50be6b9d725d015ac9a73bb32de9fd') in 0,004219 seconds 
  Import took 0,009877 seconds .

========================================================================
Received Import Request.
  Time since last request: 12,916735 seconds.
  path: Assets/Prefabs/Cleiton/New Prefab.prefab
  artifactKey: Guid(c1e75a8bae595db5f944f125add7baaa) Importer(815301076,1909f56bfc062723c751e8b465ee728b)
Start importing Assets/Prefabs/Cleiton/New Prefab.prefab using Guid(c1e75a8bae595db5f944f125add7baaa) Importer(815301076,1909f56bfc062723c751e8b465ee728b)  -> (artifact id: '00ac62e3a7ccae62a6bdd0212b0a1980') in 0,004651 seconds 
  Import took 0,008903 seconds .

========================================================================
Received Import Request.
  Time since last request: 0,004417 seconds.
  path: Assets/Prefabs/Cleiton/New Prefab.prefab
  artifactKey: Guid(c1e75a8bae595db5f944f125add7baaa) Importer(815301076,1909f56bfc062723c751e8b465ee728b)
Start importing Assets/Prefabs/Cleiton/New Prefab.prefab using Guid(c1e75a8bae595db5f944f125add7baaa) Importer(815301076,1909f56bfc062723c751e8b465ee728b)  -> (artifact id: '00ac62e3a7ccae62a6bdd0212b0a1980') in 0,005030 seconds 
  Import took 0,009609 seconds .

========================================================================
Received Import Request.
  Time since last request: 26,280993 seconds.
  path: Assets/Prefabs/Cleiton/New Prefab.prefab
  artifactKey: Guid(c1e75a8bae595db5f944f125add7baaa) Importer(815301076,1909f56bfc062723c751e8b465ee728b)
Start importing Assets/Prefabs/Cleiton/New Prefab.prefab using Guid(c1e75a8bae595db5f944f125add7baaa) Importer(815301076,1909f56bfc062723c751e8b465ee728b)  -> (artifact id: '7c3fe8dd646c5f14b3aa6b3720b7fd6b') in 0,004307 seconds 
  Import took 0,008178 seconds .

========================================================================
Received Import Request.
  Time since last request: 1,425104 seconds.
  path: Assets/Prefabs/Cleiton/New Prefab.prefab
  artifactKey: Guid(c1e75a8bae595db5f944f125add7baaa) Importer(815301076,1909f56bfc062723c751e8b465ee728b)
Start importing Assets/Prefabs/Cleiton/New Prefab.prefab using Guid(c1e75a8bae595db5f944f125add7baaa) Importer(815301076,1909f56bfc062723c751e8b465ee728b)  -> (artifact id: '0eeffddc8008ab243c7ec6c79e47f1da') in 0,003914 seconds 
  Import took 0,008229 seconds .

========================================================================
Received Import Request.
  Time since last request: 33,426931 seconds.
  path: Assets/Prefabs/Cleiton/Cleiton.prefab
  artifactKey: Guid(c1e75a8bae595db5f944f125add7baaa) Importer(815301076,1909f56bfc062723c751e8b465ee728b)
Start importing Assets/Prefabs/Cleiton/Cleiton.prefab using Guid(c1e75a8bae595db5f944f125add7baaa) Importer(815301076,1909f56bfc062723c751e8b465ee728b)  -> (artifact id: 'c719886fb2fe32bf6cb4ad6d72593607') in 0,004092 seconds 
  Import took 0,008447 seconds .

========================================================================
Received Import Request.
  Time since last request: 0,005407 seconds.
  path: Assets/Prefabs/Cleiton/Cleiton.prefab
  artifactKey: Guid(c1e75a8bae595db5f944f125add7baaa) Importer(815301076,1909f56bfc062723c751e8b465ee728b)
Start importing Assets/Prefabs/Cleiton/Cleiton.prefab using Guid(c1e75a8bae595db5f944f125add7baaa) Importer(815301076,1909f56bfc062723c751e8b465ee728b)  -> (artifact id: 'c719886fb2fe32bf6cb4ad6d72593607') in 0,003774 seconds 
  Import took 0,008285 seconds .

========================================================================
Received Import Request.
  Time since last request: 41,847409 seconds.
  path: Assets/Prefabs/Cleiton/Cleiton.prefab
  artifactKey: Guid(c1e75a8bae595db5f944f125add7baaa) Importer(815301076,1909f56bfc062723c751e8b465ee728b)
Start importing Assets/Prefabs/Cleiton/Cleiton.prefab using Guid(c1e75a8bae595db5f944f125add7baaa) Importer(815301076,1909f56bfc062723c751e8b465ee728b)  -> (artifact id: 'd4556c5e53d0203e2f3f52ce66588d14') in 0,004331 seconds 
  Import took 0,052590 seconds .

========================================================================
Received Import Request.
  Time since last request: 11,624923 seconds.
  path: Assets/Prefabs/Cleiton/Cleiton.prefab
  artifactKey: Guid(c1e75a8bae595db5f944f125add7baaa) Importer(815301076,1909f56bfc062723c751e8b465ee728b)
Start importing Assets/Prefabs/Cleiton/Cleiton.prefab using Guid(c1e75a8bae595db5f944f125add7baaa) Importer(815301076,1909f56bfc062723c751e8b465ee728b)  -> (artifact id: '1370d4090ae9862134bd87cdc8a07e6a') in 0,003909 seconds 
  Import took 0,008286 seconds .

========================================================================
Received Import Request.
  Time since last request: 7,016064 seconds.
  path: Assets/Prefabs/Cleiton/Cleiton.prefab
  artifactKey: Guid(c1e75a8bae595db5f944f125add7baaa) Importer(815301076,1909f56bfc062723c751e8b465ee728b)
Start importing Assets/Prefabs/Cleiton/Cleiton.prefab using Guid(c1e75a8bae595db5f944f125add7baaa) Importer(815301076,1909f56bfc062723c751e8b465ee728b)  -> (artifact id: 'b952b81c8cfbffb4610e943ee7cf434e') in 0,003833 seconds 
  Import took 0,008299 seconds .

========================================================================
Received Import Request.
  Time since last request: 9,886340 seconds.
  path: Assets/Prefabs/Cleiton/Cleiton.prefab
  artifactKey: Guid(c1e75a8bae595db5f944f125add7baaa) Importer(815301076,1909f56bfc062723c751e8b465ee728b)
Start importing Assets/Prefabs/Cleiton/Cleiton.prefab using Guid(c1e75a8bae595db5f944f125add7baaa) Importer(815301076,1909f56bfc062723c751e8b465ee728b)  -> (artifact id: '7f6efb120b22d3fcf79db80461fe6598') in 0,004700 seconds 
  Import took 0,009958 seconds .

========================================================================
Received Import Request.
  Time since last request: 0,000451 seconds.
  path: Assets/Prefabs/Cleiton/Cleiton.prefab
  artifactKey: Guid(c1e75a8bae595db5f944f125add7baaa) Importer(815301076,1909f56bfc062723c751e8b465ee728b)
Start importing Assets/Prefabs/Cleiton/Cleiton.prefab using Guid(c1e75a8bae595db5f944f125add7baaa) Importer(815301076,1909f56bfc062723c751e8b465ee728b)  -> (artifact id: '7f6efb120b22d3fcf79db80461fe6598') in 0,003874 seconds 
  Import took 0,008796 seconds .

========================================================================
Received Import Request.
  Time since last request: 12,785143 seconds.
  path: Assets/Prefabs/Cleiton/Cleiton.prefab
  artifactKey: Guid(c1e75a8bae595db5f944f125add7baaa) Importer(815301076,1909f56bfc062723c751e8b465ee728b)
Start importing Assets/Prefabs/Cleiton/Cleiton.prefab using Guid(c1e75a8bae595db5f944f125add7baaa) Importer(815301076,1909f56bfc062723c751e8b465ee728b)  -> (artifact id: 'bf0b33e333d7b78fa2e1ee46e6e759ca') in 0,003874 seconds 
  Import took 0,008502 seconds .

========================================================================
Received Import Request.
  Time since last request: 6,663010 seconds.
  path: Assets/Prefabs/Cleiton/Cleiton.prefab
  artifactKey: Guid(c1e75a8bae595db5f944f125add7baaa) Importer(815301076,1909f56bfc062723c751e8b465ee728b)
Start importing Assets/Prefabs/Cleiton/Cleiton.prefab using Guid(c1e75a8bae595db5f944f125add7baaa) Importer(815301076,1909f56bfc062723c751e8b465ee728b)  -> (artifact id: '31884551f02d970f7f1c22f6281872ae') in 0,004127 seconds 
  Import took 0,009380 seconds .

========================================================================
Received Import Request.
  Time since last request: 0,000440 seconds.
  path: Assets/Prefabs/Cleiton/Cleiton.prefab
  artifactKey: Guid(c1e75a8bae595db5f944f125add7baaa) Importer(815301076,1909f56bfc062723c751e8b465ee728b)
Start importing Assets/Prefabs/Cleiton/Cleiton.prefab using Guid(c1e75a8bae595db5f944f125add7baaa) Importer(815301076,1909f56bfc062723c751e8b465ee728b)  -> (artifact id: '31884551f02d970f7f1c22f6281872ae') in 0,003812 seconds 
  Import took 0,008013 seconds .

========================================================================
Received Import Request.
  Time since last request: 3,780567 seconds.
  path: Assets/Prefabs/Cleiton/Cleiton.prefab
  artifactKey: Guid(c1e75a8bae595db5f944f125add7baaa) Importer(815301076,1909f56bfc062723c751e8b465ee728b)
Start importing Assets/Prefabs/Cleiton/Cleiton.prefab using Guid(c1e75a8bae595db5f944f125add7baaa) Importer(815301076,1909f56bfc062723c751e8b465ee728b)  -> (artifact id: '062b75bb92d128a376e48e94d57ad544') in 0,004111 seconds 
  Import took 0,008929 seconds .

========================================================================
Received Import Request.
  Time since last request: 7,204143 seconds.
  path: Assets/Prefabs/Cleiton/Cleiton.prefab
  artifactKey: Guid(c1e75a8bae595db5f944f125add7baaa) Importer(815301076,1909f56bfc062723c751e8b465ee728b)
Start importing Assets/Prefabs/Cleiton/Cleiton.prefab using Guid(c1e75a8bae595db5f944f125add7baaa) Importer(815301076,1909f56bfc062723c751e8b465ee728b)  -> (artifact id: 'de4c8d9053d37cebc19d9ffb0760e6e1') in 0,005024 seconds 
  Import took 0,009910 seconds .

========================================================================
Received Import Request.
  Time since last request: 0,000510 seconds.
  path: Assets/Prefabs/Cleiton/Cleiton.prefab
  artifactKey: Guid(c1e75a8bae595db5f944f125add7baaa) Importer(815301076,1909f56bfc062723c751e8b465ee728b)
Start importing Assets/Prefabs/Cleiton/Cleiton.prefab using Guid(c1e75a8bae595db5f944f125add7baaa) Importer(815301076,1909f56bfc062723c751e8b465ee728b)  -> (artifact id: 'de4c8d9053d37cebc19d9ffb0760e6e1') in 0,004458 seconds 
  Import took 0,008702 seconds .

========================================================================
Received Import Request.
  Time since last request: 7,080395 seconds.
  path: Assets/Prefabs/Cleiton/Cleiton.prefab
  artifactKey: Guid(c1e75a8bae595db5f944f125add7baaa) Importer(815301076,1909f56bfc062723c751e8b465ee728b)
Start importing Assets/Prefabs/Cleiton/Cleiton.prefab using Guid(c1e75a8bae595db5f944f125add7baaa) Importer(815301076,1909f56bfc062723c751e8b465ee728b)  -> (artifact id: 'a4d33f05b57567ae6d13858b0fd0bf4f') in 0,005078 seconds 
  Import took 0,009618 seconds .

========================================================================
Received Import Request.
  Time since last request: 7,699126 seconds.
  path: Assets/Prefabs/Cleiton/Cleiton.prefab
  artifactKey: Guid(c1e75a8bae595db5f944f125add7baaa) Importer(815301076,1909f56bfc062723c751e8b465ee728b)
Start importing Assets/Prefabs/Cleiton/Cleiton.prefab using Guid(c1e75a8bae595db5f944f125add7baaa) Importer(815301076,1909f56bfc062723c751e8b465ee728b)  -> (artifact id: '7f173be009c695acec0b50398b08ef43') in 0,003907 seconds 
  Import took 0,008574 seconds .

========================================================================
Received Import Request.
  Time since last request: 0,000933 seconds.
  path: Assets/Prefabs/Cleiton/Cleiton.prefab
  artifactKey: Guid(c1e75a8bae595db5f944f125add7baaa) Importer(815301076,1909f56bfc062723c751e8b465ee728b)
Start importing Assets/Prefabs/Cleiton/Cleiton.prefab using Guid(c1e75a8bae595db5f944f125add7baaa) Importer(815301076,1909f56bfc062723c751e8b465ee728b)  -> (artifact id: '7f173be009c695acec0b50398b08ef43') in 0,004836 seconds 
  Import took 0,009694 seconds .

========================================================================
Received Import Request.
  Time since last request: 1,807479 seconds.
  path: Assets/Prefabs/Cleiton/Cleiton.prefab
  artifactKey: Guid(c1e75a8bae595db5f944f125add7baaa) Importer(815301076,1909f56bfc062723c751e8b465ee728b)
Start importing Assets/Prefabs/Cleiton/Cleiton.prefab using Guid(c1e75a8bae595db5f944f125add7baaa) Importer(815301076,1909f56bfc062723c751e8b465ee728b)  -> (artifact id: '506ca4108f254234098606d6de516c54') in 0,004997 seconds 
  Import took 0,009542 seconds .

========================================================================
Received Import Request.
  Time since last request: 0,001123 seconds.
  path: Assets/Prefabs/Cleiton/Cleiton.prefab
  artifactKey: Guid(c1e75a8bae595db5f944f125add7baaa) Importer(815301076,1909f56bfc062723c751e8b465ee728b)
Start importing Assets/Prefabs/Cleiton/Cleiton.prefab using Guid(c1e75a8bae595db5f944f125add7baaa) Importer(815301076,1909f56bfc062723c751e8b465ee728b)  -> (artifact id: '506ca4108f254234098606d6de516c54') in 0,003757 seconds 
  Import took 0,009187 seconds .

========================================================================
Received Import Request.
  Time since last request: 1,201528 seconds.
  path: Assets/Prefabs/Cleiton/Cleiton.prefab
  artifactKey: Guid(c1e75a8bae595db5f944f125add7baaa) Importer(815301076,1909f56bfc062723c751e8b465ee728b)
Start importing Assets/Prefabs/Cleiton/Cleiton.prefab using Guid(c1e75a8bae595db5f944f125add7baaa) Importer(815301076,1909f56bfc062723c751e8b465ee728b)  -> (artifact id: '62a85a515a5bcaa2b5fd791170e68102') in 0,004850 seconds 
  Import took 0,009624 seconds .

========================================================================
Received Import Request.
  Time since last request: 5,736514 seconds.
  path: Assets/Prefabs/Cleiton/Cleiton.prefab
  artifactKey: Guid(c1e75a8bae595db5f944f125add7baaa) Importer(815301076,1909f56bfc062723c751e8b465ee728b)
Start importing Assets/Prefabs/Cleiton/Cleiton.prefab using Guid(c1e75a8bae595db5f944f125add7baaa) Importer(815301076,1909f56bfc062723c751e8b465ee728b)  -> (artifact id: '1bb8988746e78814fd96711ca5e053b1') in 0,004530 seconds 
  Import took 0,009608 seconds .

========================================================================
Received Prepare
Registering precompiled user dll's ...
Registered in 0,002903 seconds.
Begin MonoManager ReloadAssembly
Native extension for LinuxStandalone target not found
Native extension for WindowsStandalone target not found
Native extension for WebGL target not found
Refreshing native plugins compatible for Editor in 0,49 ms, found 1 plugins.
Preloading 0 native plugins for Editor in 0,00 ms.
Mono: successfully reloaded assembly
- Completed reload, in  1,313 seconds
Domain Reload Profiling:
	ReloadAssembly (1314ms)
		BeginReloadAssembly (112ms)
			ExecutionOrderSort (0ms)
			DisableScriptedObjects (9ms)
			BackupInstance (0ms)
			ReleaseScriptingObjects (0ms)
			CreateAndSetChildDomain (46ms)
		EndReloadAssembly (1119ms)
			LoadAssemblies (78ms)
			RebuildTransferFunctionScriptingTraits (0ms)
			SetupTypeCache (382ms)
			ReleaseScriptCaches (1ms)
			RebuildScriptCaches (59ms)
			SetupLoadedEditorAssemblies (444ms)
				LogAssemblyErrors (0ms)
				InitializePlatformSupportModulesInManaged (17ms)
				SetLoadedEditorAssemblies (1ms)
				RefreshPlugins (1ms)
				BeforeProcessingInitializeOnLoad (64ms)
				ProcessInitializeOnLoadAttributes (348ms)
				ProcessInitializeOnLoadMethodAttributes (8ms)
				AfterProcessingInitializeOnLoad (5ms)
				EditorAssembliesLoaded (0ms)
			ExecutionOrderSort2 (0ms)
			AwakeInstancesAfterBackupRestoration (14ms)
Platform modules already initialized, skipping
Refreshing native plugins compatible for Editor in 0,54 ms, found 1 plugins.
Preloading 0 native plugins for Editor in 0,00 ms.
Unloading 2091 Unused Serialized files (Serialized files now loaded: 0)
System memory in use before: 87,2 MB.
System memory in use after: 87,2 MB.

Unloading 16 unused Assets to reduce memory usage. Loaded Objects now: 2542.
Total: 6,461047 ms (FindLiveObjects: 0,230384 ms CreateObjectMapping: 0,050244 ms MarkObjects: 6,087785 ms  DeleteObjects: 0,090901 ms)

AssetImportParameters requested are different than current active one (requested -> active):
  custom:video-decoder-ogg-theora: a1e56fd34408186e4bbccfd4996cb3dc -> 
  custom:container-muxer-webm: aa71ff27fc2769a1b78a27578f13a17b -> 
  custom:container-demuxer-webm: 4f35f7cbe854078d1ac9338744f61a02 -> 
  custom:container-demuxer-ogg: 62fdf1f143b41e24485cea50d1cbac27 -> 
  custom:video-encoder-webm-vp8: eb34c28f22e8b96e1ab97ce403110664 -> 
  custom:video-decoder-webm-vp8: 9c59270c3fd7afecdb556c50c9e8de78 -> 
  custom:audio-decoder-ogg-vorbis: bf7c407c2cedff20999df2af8eb42d56 -> 
  custom:audio-encoder-webm-vorbis: bf7c407c2cedff20999df2af8eb42d56 -> 
========================================================================
Received Prepare
Registering precompiled user dll's ...
Registered in 0,002263 seconds.
Begin MonoManager ReloadAssembly
Native extension for LinuxStandalone target not found
Native extension for WindowsStandalone target not found
Native extension for WebGL target not found
Refreshing native plugins compatible for Editor in 0,49 ms, found 1 plugins.
Preloading 0 native plugins for Editor in 0,00 ms.
Mono: successfully reloaded assembly
- Completed reload, in  1,335 seconds
Domain Reload Profiling:
	ReloadAssembly (1335ms)
		BeginReloadAssembly (111ms)
			ExecutionOrderSort (0ms)
			DisableScriptedObjects (9ms)
			BackupInstance (0ms)
			ReleaseScriptingObjects (0ms)
			CreateAndSetChildDomain (46ms)
		EndReloadAssembly (1147ms)
			LoadAssemblies (82ms)
			RebuildTransferFunctionScriptingTraits (0ms)
			SetupTypeCache (367ms)
			ReleaseScriptCaches (1ms)
			RebuildScriptCaches (58ms)
			SetupLoadedEditorAssemblies (485ms)
				LogAssemblyErrors (0ms)
				InitializePlatformSupportModulesInManaged (17ms)
				SetLoadedEditorAssemblies (1ms)
				RefreshPlugins (1ms)
				BeforeProcessingInitializeOnLoad (64ms)
				ProcessInitializeOnLoadAttributes (391ms)
				ProcessInitializeOnLoadMethodAttributes (8ms)
				AfterProcessingInitializeOnLoad (5ms)
				EditorAssembliesLoaded (0ms)
			ExecutionOrderSort2 (0ms)
			AwakeInstancesAfterBackupRestoration (13ms)
Platform modules already initialized, skipping
Refreshing native plugins compatible for Editor in 0,52 ms, found 1 plugins.
Preloading 0 native plugins for Editor in 0,00 ms.
Unloading 2091 Unused Serialized files (Serialized files now loaded: 0)
System memory in use before: 87,2 MB.
System memory in use after: 87,3 MB.

Unloading 16 unused Assets to reduce memory usage. Loaded Objects now: 2545.
Total: 6,485863 ms (FindLiveObjects: 0,331493 ms CreateObjectMapping: 0,048501 ms MarkObjects: 6,010299 ms  DeleteObjects: 0,094197 ms)

AssetImportParameters requested are different than current active one (requested -> active):
  custom:video-decoder-ogg-theora: a1e56fd34408186e4bbccfd4996cb3dc -> 
  custom:container-muxer-webm: aa71ff27fc2769a1b78a27578f13a17b -> 
  custom:container-demuxer-webm: 4f35f7cbe854078d1ac9338744f61a02 -> 
  custom:container-demuxer-ogg: 62fdf1f143b41e24485cea50d1cbac27 -> 
  custom:video-encoder-webm-vp8: eb34c28f22e8b96e1ab97ce403110664 -> 
  custom:video-decoder-webm-vp8: 9c59270c3fd7afecdb556c50c9e8de78 -> 
  custom:audio-decoder-ogg-vorbis: bf7c407c2cedff20999df2af8eb42d56 -> 
  custom:audio-encoder-webm-vorbis: bf7c407c2cedff20999df2af8eb42d56 -> 
========================================================================
Received Prepare
Registering precompiled user dll's ...
Registered in 0,002333 seconds.
Begin MonoManager ReloadAssembly
Native extension for LinuxStandalone target not found
Native extension for WindowsStandalone target not found
Native extension for WebGL target not found
Refreshing native plugins compatible for Editor in 0,58 ms, found 1 plugins.
Preloading 0 native plugins for Editor in 0,00 ms.
Mono: successfully reloaded assembly
- Completed reload, in  1,309 seconds
Domain Reload Profiling:
	ReloadAssembly (1309ms)
		BeginReloadAssembly (113ms)
			ExecutionOrderSort (0ms)
			DisableScriptedObjects (9ms)
			BackupInstance (0ms)
			ReleaseScriptingObjects (0ms)
			CreateAndSetChildDomain (45ms)
		EndReloadAssembly (1123ms)
			LoadAssemblies (92ms)
			RebuildTransferFunctionScriptingTraits (0ms)
			SetupTypeCache (358ms)
			ReleaseScriptCaches (1ms)
			RebuildScriptCaches (58ms)
			SetupLoadedEditorAssemblies (468ms)
				LogAssemblyErrors (0ms)
				InitializePlatformSupportModulesInManaged (22ms)
				SetLoadedEditorAssemblies (1ms)
				RefreshPlugins (1ms)
				BeforeProcessingInitializeOnLoad (68ms)
				ProcessInitializeOnLoadAttributes (366ms)
				ProcessInitializeOnLoadMethodAttributes (6ms)
				AfterProcessingInitializeOnLoad (5ms)
				EditorAssembliesLoaded (0ms)
			ExecutionOrderSort2 (0ms)
			AwakeInstancesAfterBackupRestoration (13ms)
Platform modules already initialized, skipping
Refreshing native plugins compatible for Editor in 0,50 ms, found 1 plugins.
Preloading 0 native plugins for Editor in 0,00 ms.
Unloading 2091 Unused Serialized files (Serialized files now loaded: 0)
System memory in use before: 87,3 MB.
System memory in use after: 87,3 MB.

Unloading 16 unused Assets to reduce memory usage. Loaded Objects now: 2548.
Total: 6,836492 ms (FindLiveObjects: 0,217018 ms CreateObjectMapping: 0,049183 ms MarkObjects: 6,426832 ms  DeleteObjects: 0,142087 ms)

AssetImportParameters requested are different than current active one (requested -> active):
  custom:video-decoder-ogg-theora: a1e56fd34408186e4bbccfd4996cb3dc -> 
  custom:container-muxer-webm: aa71ff27fc2769a1b78a27578f13a17b -> 
  custom:container-demuxer-webm: 4f35f7cbe854078d1ac9338744f61a02 -> 
  custom:container-demuxer-ogg: 62fdf1f143b41e24485cea50d1cbac27 -> 
  custom:video-encoder-webm-vp8: eb34c28f22e8b96e1ab97ce403110664 -> 
  custom:video-decoder-webm-vp8: 9c59270c3fd7afecdb556c50c9e8de78 -> 
  custom:audio-decoder-ogg-vorbis: bf7c407c2cedff20999df2af8eb42d56 -> 
  custom:audio-encoder-webm-vorbis: bf7c407c2cedff20999df2af8eb42d56 -> 
========================================================================
Received Import Request.
  Time since last request: 145,192824 seconds.
  path: Assets/Prefabs/Cleiton/Cleiton.prefab
  artifactKey: Guid(c1e75a8bae595db5f944f125add7baaa) Importer(815301076,1909f56bfc062723c751e8b465ee728b)
Start importing Assets/Prefabs/Cleiton/Cleiton.prefab using Guid(c1e75a8bae595db5f944f125add7baaa) Importer(815301076,1909f56bfc062723c751e8b465ee728b)  -> (artifact id: '25fd06ddb0c9510408d43cfe513f0f12') in 0,030317 seconds 
  Import took 0,033964 seconds .

========================================================================
Received Import Request.
  Time since last request: 24,548302 seconds.
  path: Assets/Scripts/Bullets/TestBullet.cs
  artifactKey: Guid(68676b217cf0c793caeaf8faa97b7ca3) Importer(815301076,1909f56bfc062723c751e8b465ee728b)
Start importing Assets/Scripts/Bullets/TestBullet.cs using Guid(68676b217cf0c793caeaf8faa97b7ca3) Importer(815301076,1909f56bfc062723c751e8b465ee728b)  -> (artifact id: 'ce21fa1486f0e71a81d309adcdd5ddd7') in 0,000863 seconds 
  Import took 0,006090 seconds .

========================================================================
Received Import Request.
  Time since last request: 0,002023 seconds.
  path: Assets/Scripts/Bullets/TestBullet.cs
  artifactKey: Guid(68676b217cf0c793caeaf8faa97b7ca3) Importer(815301076,1909f56bfc062723c751e8b465ee728b)
Start importing Assets/Scripts/Bullets/TestBullet.cs using Guid(68676b217cf0c793caeaf8faa97b7ca3) Importer(815301076,1909f56bfc062723c751e8b465ee728b)  -> (artifact id: 'ce21fa1486f0e71a81d309adcdd5ddd7') in 0,000933 seconds 
  Import took 0,005325 seconds .

========================================================================
Received Import Request.
  Time since last request: 16,980328 seconds.
  path: Assets/Prefabs/Cleiton/Cleiton.prefab
  artifactKey: Guid(c1e75a8bae595db5f944f125add7baaa) Importer(815301076,1909f56bfc062723c751e8b465ee728b)
Start importing Assets/Prefabs/Cleiton/Cleiton.prefab using Guid(c1e75a8bae595db5f944f125add7baaa) Importer(815301076,1909f56bfc062723c751e8b465ee728b)  -> (artifact id: 'a6a8beeba9b39bf7cff0dedd00dc6532') in 0,005552 seconds 
  Import took 0,010008 seconds .

========================================================================
Received Import Request.
  Time since last request: 57,257629 seconds.
  path: Assets/Prefabs/Cleiton/Cleiton.prefab
  artifactKey: Guid(c1e75a8bae595db5f944f125add7baaa) Importer(815301076,1909f56bfc062723c751e8b465ee728b)
Start importing Assets/Prefabs/Cleiton/Cleiton.prefab using Guid(c1e75a8bae595db5f944f125add7baaa) Importer(815301076,1909f56bfc062723c751e8b465ee728b)  -> (artifact id: 'd26f89f80f316e7897ba6518197e9448') in 0,129321 seconds 
  Import took 0,135891 seconds .

========================================================================
Received Prepare
Registering precompiled user dll's ...
Registered in 0,002686 seconds.
Begin MonoManager ReloadAssembly
Native extension for LinuxStandalone target not found
Native extension for WindowsStandalone target not found
Native extension for WebGL target not found
Refreshing native plugins compatible for Editor in 0,56 ms, found 1 plugins.
Preloading 0 native plugins for Editor in 0,00 ms.
Mono: successfully reloaded assembly
- Completed reload, in  1,308 seconds
Domain Reload Profiling:
	ReloadAssembly (1309ms)
		BeginReloadAssembly (118ms)
			ExecutionOrderSort (0ms)
			DisableScriptedObjects (10ms)
			BackupInstance (0ms)
			ReleaseScriptingObjects (0ms)
			CreateAndSetChildDomain (45ms)
		EndReloadAssembly (1104ms)
			LoadAssemblies (85ms)
			RebuildTransferFunctionScriptingTraits (0ms)
			SetupTypeCache (377ms)
			ReleaseScriptCaches (1ms)
			RebuildScriptCaches (57ms)
			SetupLoadedEditorAssemblies (450ms)
				LogAssemblyErrors (0ms)
				InitializePlatformSupportModulesInManaged (17ms)
				SetLoadedEditorAssemblies (1ms)
				RefreshPlugins (1ms)
				BeforeProcessingInitializeOnLoad (66ms)
				ProcessInitializeOnLoadAttributes (353ms)
				ProcessInitializeOnLoadMethodAttributes (7ms)
				AfterProcessingInitializeOnLoad (6ms)
				EditorAssembliesLoaded (0ms)
			ExecutionOrderSort2 (0ms)
			AwakeInstancesAfterBackupRestoration (13ms)
Platform modules already initialized, skipping
Refreshing native plugins compatible for Editor in 0,54 ms, found 1 plugins.
Preloading 0 native plugins for Editor in 0,00 ms.
Unloading 2091 Unused Serialized files (Serialized files now loaded: 0)
System memory in use before: 88,5 MB.
System memory in use after: 88,6 MB.

Unloading 16 unused Assets to reduce memory usage. Loaded Objects now: 2558.
Total: 6,775066 ms (FindLiveObjects: 0,251121 ms CreateObjectMapping: 0,050855 ms MarkObjects: 6,371849 ms  DeleteObjects: 0,099677 ms)

AssetImportParameters requested are different than current active one (requested -> active):
  custom:video-decoder-ogg-theora: a1e56fd34408186e4bbccfd4996cb3dc -> 
  custom:container-muxer-webm: aa71ff27fc2769a1b78a27578f13a17b -> 
  custom:container-demuxer-webm: 4f35f7cbe854078d1ac9338744f61a02 -> 
  custom:container-demuxer-ogg: 62fdf1f143b41e24485cea50d1cbac27 -> 
  custom:video-encoder-webm-vp8: eb34c28f22e8b96e1ab97ce403110664 -> 
  custom:video-decoder-webm-vp8: 9c59270c3fd7afecdb556c50c9e8de78 -> 
  custom:audio-decoder-ogg-vorbis: bf7c407c2cedff20999df2af8eb42d56 -> 
  custom:audio-encoder-webm-vorbis: bf7c407c2cedff20999df2af8eb42d56 -> 
========================================================================
Received Prepare
Registering precompiled user dll's ...
Registered in 0,003053 seconds.
Begin MonoManager ReloadAssembly
Native extension for LinuxStandalone target not found
Native extension for WindowsStandalone target not found
Native extension for WebGL target not found
Refreshing native plugins compatible for Editor in 0,51 ms, found 1 plugins.
Preloading 0 native plugins for Editor in 0,00 ms.
Mono: successfully reloaded assembly
- Completed reload, in  1,306 seconds
Domain Reload Profiling:
	ReloadAssembly (1307ms)
		BeginReloadAssembly (107ms)
			ExecutionOrderSort (0ms)
			DisableScriptedObjects (9ms)
			BackupInstance (0ms)
			ReleaseScriptingObjects (0ms)
			CreateAndSetChildDomain (42ms)
		EndReloadAssembly (1111ms)
			LoadAssemblies (81ms)
			RebuildTransferFunctionScriptingTraits (0ms)
			SetupTypeCache (365ms)
			ReleaseScriptCaches (1ms)
			RebuildScriptCaches (64ms)
			SetupLoadedEditorAssemblies (441ms)
				LogAssemblyErrors (0ms)
				InitializePlatformSupportModulesInManaged (17ms)
				SetLoadedEditorAssemblies (1ms)
				RefreshPlugins (1ms)
				BeforeProcessingInitializeOnLoad (67ms)
				ProcessInitializeOnLoadAttributes (345ms)
				ProcessInitializeOnLoadMethodAttributes (7ms)
				AfterProcessingInitializeOnLoad (5ms)
				EditorAssembliesLoaded (0ms)
			ExecutionOrderSort2 (0ms)
			AwakeInstancesAfterBackupRestoration (16ms)
Platform modules already initialized, skipping
Refreshing native plugins compatible for Editor in 0,55 ms, found 1 plugins.
Preloading 0 native plugins for Editor in 0,00 ms.
Unloading 2091 Unused Serialized files (Serialized files now loaded: 0)
System memory in use before: 88,5 MB.
System memory in use after: 88,6 MB.

Unloading 16 unused Assets to reduce memory usage. Loaded Objects now: 2561.
Total: 6,343605 ms (FindLiveObjects: 0,238438 ms CreateObjectMapping: 0,048932 ms MarkObjects: 5,952661 ms  DeleteObjects: 0,102462 ms)

AssetImportParameters requested are different than current active one (requested -> active):
  custom:video-decoder-ogg-theora: a1e56fd34408186e4bbccfd4996cb3dc -> 
  custom:container-muxer-webm: aa71ff27fc2769a1b78a27578f13a17b -> 
  custom:container-demuxer-webm: 4f35f7cbe854078d1ac9338744f61a02 -> 
  custom:container-demuxer-ogg: 62fdf1f143b41e24485cea50d1cbac27 -> 
  custom:video-encoder-webm-vp8: eb34c28f22e8b96e1ab97ce403110664 -> 
  custom:video-decoder-webm-vp8: 9c59270c3fd7afecdb556c50c9e8de78 -> 
  custom:audio-decoder-ogg-vorbis: bf7c407c2cedff20999df2af8eb42d56 -> 
  custom:audio-encoder-webm-vorbis: bf7c407c2cedff20999df2af8eb42d56 -> 
========================================================================
Received Prepare
Registering precompiled user dll's ...
Registered in 0,002506 seconds.
Begin MonoManager ReloadAssembly
Native extension for LinuxStandalone target not found
Native extension for WindowsStandalone target not found
Native extension for WebGL target not found
Refreshing native plugins compatible for Editor in 0,59 ms, found 1 plugins.
Preloading 0 native plugins for Editor in 0,00 ms.
Mono: successfully reloaded assembly
- Completed reload, in  1,356 seconds
Domain Reload Profiling:
	ReloadAssembly (1357ms)
		BeginReloadAssembly (111ms)
			ExecutionOrderSort (0ms)
			DisableScriptedObjects (10ms)
			BackupInstance (0ms)
			ReleaseScriptingObjects (0ms)
			CreateAndSetChildDomain (46ms)
		EndReloadAssembly (1150ms)
			LoadAssemblies (80ms)
			RebuildTransferFunctionScriptingTraits (0ms)
			SetupTypeCache (401ms)
			ReleaseScriptCaches (1ms)
			RebuildScriptCaches (66ms)
			SetupLoadedEditorAssemblies (450ms)
				LogAssemblyErrors (0ms)
				InitializePlatformSupportModulesInManaged (22ms)
				SetLoadedEditorAssemblies (1ms)
				RefreshPlugins (1ms)
				BeforeProcessingInitializeOnLoad (60ms)
				ProcessInitializeOnLoadAttributes (354ms)
				ProcessInitializeOnLoadMethodAttributes (8ms)
				AfterProcessingInitializeOnLoad (5ms)
				EditorAssembliesLoaded (0ms)
			ExecutionOrderSort2 (0ms)
			AwakeInstancesAfterBackupRestoration (14ms)
Platform modules already initialized, skipping
Refreshing native plugins compatible for Editor in 0,52 ms, found 1 plugins.
Preloading 0 native plugins for Editor in 0,00 ms.
Unloading 2091 Unused Serialized files (Serialized files now loaded: 0)
System memory in use before: 88,5 MB.
System memory in use after: 88,6 MB.

Unloading 16 unused Assets to reduce memory usage. Loaded Objects now: 2564.
Total: 8,890583 ms (FindLiveObjects: 0,223089 ms CreateObjectMapping: 0,049052 ms MarkObjects: 8,490742 ms  DeleteObjects: 0,126017 ms)

AssetImportParameters requested are different than current active one (requested -> active):
  custom:video-decoder-ogg-theora: a1e56fd34408186e4bbccfd4996cb3dc -> 
  custom:container-muxer-webm: aa71ff27fc2769a1b78a27578f13a17b -> 
  custom:container-demuxer-webm: 4f35f7cbe854078d1ac9338744f61a02 -> 
  custom:container-demuxer-ogg: 62fdf1f143b41e24485cea50d1cbac27 -> 
  custom:video-encoder-webm-vp8: eb34c28f22e8b96e1ab97ce403110664 -> 
  custom:video-decoder-webm-vp8: 9c59270c3fd7afecdb556c50c9e8de78 -> 
  custom:audio-decoder-ogg-vorbis: bf7c407c2cedff20999df2af8eb42d56 -> 
  custom:audio-encoder-webm-vorbis: bf7c407c2cedff20999df2af8eb42d56 -> 
========================================================================
Received Prepare
Registering precompiled user dll's ...
Registered in 0,002451 seconds.
Begin MonoManager ReloadAssembly
Native extension for LinuxStandalone target not found
Native extension for WindowsStandalone target not found
Native extension for WebGL target not found
Refreshing native plugins compatible for Editor in 0,53 ms, found 1 plugins.
Preloading 0 native plugins for Editor in 0,00 ms.
Mono: successfully reloaded assembly
- Completed reload, in  1,295 seconds
Domain Reload Profiling:
	ReloadAssembly (1296ms)
		BeginReloadAssembly (109ms)
			ExecutionOrderSort (0ms)
			DisableScriptedObjects (8ms)
			BackupInstance (0ms)
			ReleaseScriptingObjects (0ms)
			CreateAndSetChildDomain (45ms)
		EndReloadAssembly (1112ms)
			LoadAssemblies (80ms)
			RebuildTransferFunctionScriptingTraits (0ms)
			SetupTypeCache (393ms)
			ReleaseScriptCaches (1ms)
			RebuildScriptCaches (59ms)
			SetupLoadedEditorAssemblies (427ms)
				LogAssemblyErrors (0ms)
				InitializePlatformSupportModulesInManaged (17ms)
				SetLoadedEditorAssemblies (1ms)
				RefreshPlugins (1ms)
				BeforeProcessingInitializeOnLoad (59ms)
				ProcessInitializeOnLoadAttributes (339ms)
				ProcessInitializeOnLoadMethodAttributes (7ms)
				AfterProcessingInitializeOnLoad (5ms)
				EditorAssembliesLoaded (0ms)
			ExecutionOrderSort2 (0ms)
			AwakeInstancesAfterBackupRestoration (13ms)
Platform modules already initialized, skipping
Refreshing native plugins compatible for Editor in 1,07 ms, found 1 plugins.
Preloading 0 native plugins for Editor in 0,00 ms.
Unloading 2091 Unused Serialized files (Serialized files now loaded: 0)
System memory in use before: 88,5 MB.
System memory in use after: 88,6 MB.

Unloading 16 unused Assets to reduce memory usage. Loaded Objects now: 2567.
Total: 8,485562 ms (FindLiveObjects: 0,547479 ms CreateObjectMapping: 0,061767 ms MarkObjects: 7,725873 ms  DeleteObjects: 0,149100 ms)

AssetImportParameters requested are different than current active one (requested -> active):
  custom:video-decoder-ogg-theora: a1e56fd34408186e4bbccfd4996cb3dc -> 
  custom:container-muxer-webm: aa71ff27fc2769a1b78a27578f13a17b -> 
  custom:container-demuxer-webm: 4f35f7cbe854078d1ac9338744f61a02 -> 
  custom:container-demuxer-ogg: 62fdf1f143b41e24485cea50d1cbac27 -> 
  custom:video-encoder-webm-vp8: eb34c28f22e8b96e1ab97ce403110664 -> 
  custom:video-decoder-webm-vp8: 9c59270c3fd7afecdb556c50c9e8de78 -> 
  custom:audio-decoder-ogg-vorbis: bf7c407c2cedff20999df2af8eb42d56 -> 
  custom:audio-encoder-webm-vorbis: bf7c407c2cedff20999df2af8eb42d56 -> 
========================================================================
Received Prepare
Registering precompiled user dll's ...
Registered in 0,002594 seconds.
Begin MonoManager ReloadAssembly
Native extension for LinuxStandalone target not found
Native extension for WindowsStandalone target not found
Native extension for WebGL target not found
Refreshing native plugins compatible for Editor in 0,55 ms, found 1 plugins.
Preloading 0 native plugins for Editor in 0,00 ms.
Mono: successfully reloaded assembly
- Completed reload, in  1,362 seconds
Domain Reload Profiling:
	ReloadAssembly (1362ms)
		BeginReloadAssembly (124ms)
			ExecutionOrderSort (0ms)
			DisableScriptedObjects (10ms)
			BackupInstance (0ms)
			ReleaseScriptingObjects (0ms)
			CreateAndSetChildDomain (50ms)
		EndReloadAssembly (1163ms)
			LoadAssemblies (85ms)
			RebuildTransferFunctionScriptingTraits (0ms)
			SetupTypeCache (399ms)
			ReleaseScriptCaches (1ms)
			RebuildScriptCaches (60ms)
			SetupLoadedEditorAssemblies (480ms)
				LogAssemblyErrors (0ms)
				InitializePlatformSupportModulesInManaged (17ms)
				SetLoadedEditorAssemblies (1ms)
				RefreshPlugins (1ms)
				BeforeProcessingInitializeOnLoad (60ms)
				ProcessInitializeOnLoadAttributes (387ms)
				ProcessInitializeOnLoadMethodAttributes (9ms)
				AfterProcessingInitializeOnLoad (6ms)
				EditorAssembliesLoaded (0ms)
			ExecutionOrderSort2 (0ms)
			AwakeInstancesAfterBackupRestoration (15ms)
Platform modules already initialized, skipping
Refreshing native plugins compatible for Editor in 0,54 ms, found 1 plugins.
Preloading 0 native plugins for Editor in 0,00 ms.
Unloading 2091 Unused Serialized files (Serialized files now loaded: 0)
System memory in use before: 88,5 MB.
System memory in use after: 88,6 MB.

Unloading 16 unused Assets to reduce memory usage. Loaded Objects now: 2570.
Total: 6,290446 ms (FindLiveObjects: 0,223470 ms CreateObjectMapping: 0,048872 ms MarkObjects: 5,913186 ms  DeleteObjects: 0,103485 ms)

AssetImportParameters requested are different than current active one (requested -> active):
  custom:video-decoder-ogg-theora: a1e56fd34408186e4bbccfd4996cb3dc -> 
  custom:container-muxer-webm: aa71ff27fc2769a1b78a27578f13a17b -> 
  custom:container-demuxer-webm: 4f35f7cbe854078d1ac9338744f61a02 -> 
  custom:container-demuxer-ogg: 62fdf1f143b41e24485cea50d1cbac27 -> 
  custom:video-encoder-webm-vp8: eb34c28f22e8b96e1ab97ce403110664 -> 
  custom:video-decoder-webm-vp8: 9c59270c3fd7afecdb556c50c9e8de78 -> 
  custom:audio-decoder-ogg-vorbis: bf7c407c2cedff20999df2af8eb42d56 -> 
  custom:audio-encoder-webm-vorbis: bf7c407c2cedff20999df2af8eb42d56 -> 
AssetImportWorkerClient::OnTransportError - code=2 error=End of file
